<?xml version="1.0" encoding="UTF-8"?>
<testsuite name="ThanosSortTest" tests="1" skipped="0" failures="0" errors="0" timestamp="2021-02-25T16:01:30" hostname="DESKTOP-8R433U7" time="0.023">
  <properties/>
  <testcase name="positivesSortTest()" classname="ThanosSortTest" time="0.023"/>
  <system-out><![CDATA[]]></system-out>
  <system-err><![CDATA[]]></system-err>
</testsuite>
